<?xml version="1.0" encoding="UTF-8"?>
<coverage generated="1710795518904" clover="3.2.0">
  <project timestamp="1710795518904" name="All files">
    <metrics statements="19" coveredstatements="19" conditionals="9" coveredconditionals="9" methods="8" coveredmethods="8" elements="36" coveredelements="36" complexity="0" loc="19" ncloc="19" packages="4" files="4" classes="4"/>
    <package name="GameCard">
      <metrics statements="4" coveredstatements="4" conditionals="5" coveredconditionals="5" methods="1" coveredmethods="1"/>
      <file name="GameCard.jsx" path="/Users/kevinzheng/Desktop/Projects/CSc456-Topics-In-SE/Video Game Catalog/client/src/components/GameCard/GameCard.jsx">
        <metrics statements="4" coveredstatements="4" conditionals="5" coveredconditionals="5" methods="1" coveredmethods="1"/>
        <line num="4" count="3" type="stmt"/>
        <line num="5" count="12" type="stmt"/>
        <line num="7" count="12" type="cond" truecount="3" falsecount="0"/>
        <line num="8" count="12" type="stmt"/>
      </file>
    </package>
    <package name="GameInfoModal">
      <metrics statements="3" coveredstatements="3" conditionals="0" coveredconditionals="0" methods="1" coveredmethods="1"/>
      <file name="GameInfoModal.jsx" path="/Users/kevinzheng/Desktop/Projects/CSc456-Topics-In-SE/Video Game Catalog/client/src/components/GameInfoModal/GameInfoModal.jsx">
        <metrics statements="3" coveredstatements="3" conditionals="0" coveredconditionals="0" methods="1" coveredmethods="1"/>
        <line num="4" count="2" type="stmt"/>
        <line num="5" count="3" type="stmt"/>
        <line num="6" count="3" type="stmt"/>
      </file>
    </package>
    <package name="GamePage">
      <metrics statements="7" coveredstatements="7" conditionals="2" coveredconditionals="2" methods="3" coveredmethods="3"/>
      <file name="GamePage.jsx" path="/Users/kevinzheng/Desktop/Projects/CSc456-Topics-In-SE/Video Game Catalog/client/src/components/GamePage/GamePage.jsx">
        <metrics statements="7" coveredstatements="7" conditionals="2" coveredconditionals="2" methods="3" coveredmethods="3"/>
        <line num="5" count="1" type="stmt"/>
        <line num="6" count="8" type="stmt"/>
        <line num="9" count="8" type="stmt"/>
        <line num="10" count="3" type="stmt"/>
        <line num="13" count="8" type="stmt"/>
        <line num="14" count="2" type="stmt"/>
        <line num="16" count="8" type="stmt"/>
      </file>
    </package>
    <package name="Slider">
      <metrics statements="5" coveredstatements="5" conditionals="2" coveredconditionals="2" methods="3" coveredmethods="3"/>
      <file name="Slider.jsx" path="/Users/kevinzheng/Desktop/Projects/CSc456-Topics-In-SE/Video Game Catalog/client/src/components/Slider/Slider.jsx">
        <metrics statements="5" coveredstatements="5" conditionals="2" coveredconditionals="2" methods="3" coveredmethods="3"/>
        <line num="5" count="2" type="stmt"/>
        <line num="6" count="4" type="stmt"/>
        <line num="7" count="4" type="stmt"/>
        <line num="21" count="10" type="stmt"/>
        <line num="28" count="2" type="stmt"/>
      </file>
    </package>
  </project>
</coverage>
