{"/Users/kevinzheng/Desktop/Projects/CSc456-Topics-In-SE/Video Game Catalog/client/src/components/GameCard/GameCard.jsx": {"path":"/Users/kevinzheng/Desktop/Projects/CSc456-Topics-In-SE/Video Game Catalog/client/src/components/GameCard/GameCard.jsx","statementMap":{"0":{"start":{"line":4,"column":17},"end":{"line":21,"column":1}},"1":{"start":{"line":5,"column":22},"end":{"line":5,"column":27}},"2":{"start":{"line":7,"column":4},"end":{"line":7,"column":79}},"3":{"start":{"line":8,"column":2},"end":{"line":20,"column":4}}},"fnMap":{"0":{"name":"(anonymous_0)","decl":{"start":{"line":4,"column":17},"end":{"line":4,"column":18}},"loc":{"start":{"line":4,"column":28},"end":{"line":21,"column":1}},"line":4}},"branchMap":{"0":{"loc":{"start":{"line":7,"column":4},"end":{"line":7,"column":79}},"type":"binary-expr","locations":[{"start":{"line":7,"column":4},"end":{"line":7,"column":15}},{"start":{"line":7,"column":19},"end":{"line":7,"column":50}},{"start":{"line":7,"column":54},"end":{"line":7,"column":79}}],"line":7},"1":{"loc":{"start":{"line":10,"column":7},"end":{"line":14,"column":7}},"type":"cond-expr","locations":[{"start":{"line":11,"column":8},"end":{"line":11,"column":66}},{"start":{"line":13,"column":8},"end":{"line":13,"column":37}}],"line":10}},"s":{"0":3,"1":12,"2":12,"3":12},"f":{"0":12},"b":{"0":[12,12,8],"1":[8,4]},"_coverageSchema":"1a1c01bbd47fc00a2c39e90264f33305004495a9","hash":"37da5244170dbdc2509225e4c163f7c852597336"}
,"/Users/kevinzheng/Desktop/Projects/CSc456-Topics-In-SE/Video Game Catalog/client/src/components/GameInfoModal/GameInfoModal.jsx": {"path":"/Users/kevinzheng/Desktop/Projects/CSc456-Topics-In-SE/Video Game Catalog/client/src/components/GameInfoModal/GameInfoModal.jsx","statementMap":{"0":{"start":{"line":4,"column":22},"end":{"line":28,"column":1}},"1":{"start":{"line":5,"column":22},"end":{"line":5,"column":27}},"2":{"start":{"line":6,"column":2},"end":{"line":27,"column":4}}},"fnMap":{"0":{"name":"(anonymous_0)","decl":{"start":{"line":4,"column":22},"end":{"line":4,"column":23}},"loc":{"start":{"line":4,"column":33},"end":{"line":28,"column":1}},"line":4}},"branchMap":{},"s":{"0":2,"1":3,"2":3},"f":{"0":3},"b":{},"_coverageSchema":"1a1c01bbd47fc00a2c39e90264f33305004495a9","hash":"05367d3b2f2ed3d0fdfdf2727c881c58b93f35d5"}
,"/Users/kevinzheng/Desktop/Projects/CSc456-Topics-In-SE/Video Game Catalog/client/src/components/GamePage/GamePage.jsx": {"path":"/Users/kevinzheng/Desktop/Projects/CSc456-Topics-In-SE/Video Game Catalog/client/src/components/GamePage/GamePage.jsx","statementMap":{"0":{"start":{"line":5,"column":17},"end":{"line":36,"column":1}},"1":{"start":{"line":6,"column":36},"end":{"line":6,"column":50}},"2":{"start":{"line":9,"column":30},"end":{"line":11,"column":3}},"3":{"start":{"line":10,"column":4},"end":{"line":10,"column":23}},"4":{"start":{"line":13,"column":27},"end":{"line":15,"column":3}},"5":{"start":{"line":14,"column":4},"end":{"line":14,"column":23}},"6":{"start":{"line":16,"column":2},"end":{"line":35,"column":4}}},"fnMap":{"0":{"name":"(anonymous_0)","decl":{"start":{"line":5,"column":17},"end":{"line":5,"column":18}},"loc":{"start":{"line":5,"column":35},"end":{"line":36,"column":1}},"line":5},"1":{"name":"(anonymous_1)","decl":{"start":{"line":9,"column":30},"end":{"line":9,"column":31}},"loc":{"start":{"line":9,"column":40},"end":{"line":11,"column":3}},"line":9},"2":{"name":"(anonymous_2)","decl":{"start":{"line":13,"column":27},"end":{"line":13,"column":28}},"loc":{"start":{"line":13,"column":33},"end":{"line":15,"column":3}},"line":13}},"branchMap":{"0":{"loc":{"start":{"line":18,"column":7},"end":{"line":27,"column":7}},"type":"binary-expr","locations":[{"start":{"line":18,"column":7},"end":{"line":18,"column":16}},{"start":{"line":19,"column":8},"end":{"line":26,"column":10}}],"line":18}},"s":{"0":1,"1":8,"2":8,"3":3,"4":8,"5":2,"6":8},"f":{"0":8,"1":3,"2":2},"b":{"0":[8,2]},"_coverageSchema":"1a1c01bbd47fc00a2c39e90264f33305004495a9","hash":"3c453f68bc77391e50ef1f9e62c09849130abc53"}
,"/Users/kevinzheng/Desktop/Projects/CSc456-Topics-In-SE/Video Game Catalog/client/src/components/Slider/Slider.jsx": {"path":"/Users/kevinzheng/Desktop/Projects/CSc456-Topics-In-SE/Video Game Catalog/client/src/components/Slider/Slider.jsx","statementMap":{"0":{"start":{"line":5,"column":15},"end":{"line":37,"column":1}},"1":{"start":{"line":6,"column":22},"end":{"line":6,"column":27}},"2":{"start":{"line":7,"column":2},"end":{"line":36,"column":4}},"3":{"start":{"line":21,"column":16},"end":{"line":30,"column":21}},"4":{"start":{"line":28,"column":35},"end":{"line":28,"column":48}}},"fnMap":{"0":{"name":"(anonymous_0)","decl":{"start":{"line":5,"column":15},"end":{"line":5,"column":16}},"loc":{"start":{"line":5,"column":26},"end":{"line":37,"column":1}},"line":5},"1":{"name":"(anonymous_1)","decl":{"start":{"line":20,"column":30},"end":{"line":20,"column":31}},"loc":{"start":{"line":21,"column":16},"end":{"line":30,"column":21}},"line":21},"2":{"name":"(anonymous_2)","decl":{"start":{"line":28,"column":29},"end":{"line":28,"column":30}},"loc":{"start":{"line":28,"column":35},"end":{"line":28,"column":48}},"line":28}},"branchMap":{"0":{"loc":{"start":{"line":19,"column":13},"end":{"line":31,"column":16}},"type":"binary-expr","locations":[{"start":{"line":19,"column":13},"end":{"line":19,"column":24}},{"start":{"line":20,"column":14},"end":{"line":31,"column":16}}],"line":19}},"s":{"0":2,"1":4,"2":4,"3":10,"4":2},"f":{"0":4,"1":10,"2":2},"b":{"0":[4,4]},"_coverageSchema":"1a1c01bbd47fc00a2c39e90264f33305004495a9","hash":"2264eb2efe3dec0406788b9c1f45f4ed488d40f7"}
}
