TN:
SF:src/components/GameCard/GameCard.jsx
FN:4,(anonymous_0)
FNF:1
FNH:1
FNDA:12,(anonymous_0)
DA:4,3
DA:5,12
DA:7,12
DA:8,12
LF:4
LH:4
BRDA:7,0,0,12
BRDA:7,0,1,12
BRDA:7,0,2,8
BRDA:10,1,0,8
BRDA:10,1,1,4
BRF:5
BRH:5
end_of_record
TN:
SF:src/components/GameInfoModal/GameInfoModal.jsx
FN:4,(anonymous_0)
FNF:1
FNH:1
FNDA:3,(anonymous_0)
DA:4,2
DA:5,3
DA:6,3
LF:3
LH:3
BRF:0
BRH:0
end_of_record
TN:
SF:src/components/GamePage/GamePage.jsx
FN:5,(anonymous_0)
FN:9,(anonymous_1)
FN:13,(anonymous_2)
FNF:3
FNH:3
FNDA:8,(anonymous_0)
FNDA:3,(anonymous_1)
FNDA:2,(anonymous_2)
DA:5,1
DA:6,8
DA:9,8
DA:10,3
DA:13,8
DA:14,2
DA:16,8
LF:7
LH:7
BRDA:18,0,0,8
BRDA:18,0,1,2
BRF:2
BRH:2
end_of_record
TN:
SF:src/components/Slider/Slider.jsx
FN:5,(anonymous_0)
FN:20,(anonymous_1)
FN:28,(anonymous_2)
FNF:3
FNH:3
FNDA:4,(anonymous_0)
FNDA:10,(anonymous_1)
FNDA:2,(anonymous_2)
DA:5,2
DA:6,4
DA:7,4
DA:21,10
DA:28,2
LF:5
LH:5
BRDA:19,0,0,4
BRDA:19,0,1,4
BRF:2
BRH:2
end_of_record
