{"/Users/nurmazumder/Documents/CSC_456_VideoGame/videogame/app.js": {"path":"/Users/nurmazumder/Documents/CSC_456_VideoGame/videogame/app.js","statementMap":{"0":{"start":{"line":1,"column":16},"end":{"line":1,"column":34}},"1":{"start":{"line":2,"column":17},"end":{"line":2,"column":36}},"2":{"start":{"line":3,"column":23},"end":{"line":3,"column":49}},"3":{"start":{"line":4,"column":13},"end":{"line":4,"column":28}},"4":{"start":{"line":5,"column":18},"end":{"line":5,"column":43}},"5":{"start":{"line":6,"column":16},"end":{"line":6,"column":35}},"6":{"start":{"line":9,"column":0},"end":{"line":12,"column":3}},"7":{"start":{"line":15,"column":11},"end":{"line":15,"column":30}},"8":{"start":{"line":16,"column":0},"end":{"line":16,"column":65}},"9":{"start":{"line":17,"column":0},"end":{"line":19,"column":3}},"10":{"start":{"line":18,"column":4},"end":{"line":18,"column":38}},"11":{"start":{"line":22,"column":12},"end":{"line":22,"column":21}},"12":{"start":{"line":23,"column":0},"end":{"line":23,"column":26}},"13":{"start":{"line":24,"column":0},"end":{"line":24,"column":30}},"14":{"start":{"line":25,"column":0},"end":{"line":25,"column":47}},"15":{"start":{"line":27,"column":0},"end":{"line":27,"column":48}},"16":{"start":{"line":28,"column":0},"end":{"line":28,"column":35}},"17":{"start":{"line":30,"column":0},"end":{"line":32,"column":2}},"18":{"start":{"line":31,"column":4},"end":{"line":31,"column":22}},"19":{"start":{"line":33,"column":0},"end":{"line":37,"column":2}},"20":{"start":{"line":34,"column":23},"end":{"line":34,"column":47}},"21":{"start":{"line":35,"column":4},"end":{"line":35,"column":51}},"22":{"start":{"line":39,"column":0},"end":{"line":43,"column":2}},"23":{"start":{"line":40,"column":23},"end":{"line":40,"column":47}},"24":{"start":{"line":41,"column":4},"end":{"line":41,"column":51}},"25":{"start":{"line":45,"column":0},"end":{"line":47,"column":3}},"26":{"start":{"line":46,"column":4},"end":{"line":46,"column":33}},"27":{"start":{"line":49,"column":0},"end":{"line":53,"column":3}},"28":{"start":{"line":50,"column":20},"end":{"line":50,"column":53}},"29":{"start":{"line":51,"column":4},"end":{"line":51,"column":25}},"30":{"start":{"line":52,"column":4},"end":{"line":52,"column":32}},"31":{"start":{"line":55,"column":0},"end":{"line":58,"column":3}},"32":{"start":{"line":56,"column":22},"end":{"line":56,"column":61}},"33":{"start":{"line":57,"column":4},"end":{"line":57,"column":49}},"34":{"start":{"line":60,"column":0},"end":{"line":63,"column":3}},"35":{"start":{"line":61,"column":22},"end":{"line":61,"column":61}},"36":{"start":{"line":62,"column":4},"end":{"line":62,"column":49}},"37":{"start":{"line":65,"column":0},"end":{"line":69,"column":3}},"38":{"start":{"line":66,"column":19},"end":{"line":66,"column":29}},"39":{"start":{"line":67,"column":4},"end":{"line":67,"column":62}},"40":{"start":{"line":68,"column":4},"end":{"line":68,"column":38}},"41":{"start":{"line":71,"column":0},"end":{"line":75,"column":2}},"42":{"start":{"line":72,"column":19},"end":{"line":72,"column":29}},"43":{"start":{"line":73,"column":4},"end":{"line":73,"column":42}},"44":{"start":{"line":74,"column":4},"end":{"line":74,"column":32}},"45":{"start":{"line":77,"column":0},"end":{"line":79,"column":2}},"46":{"start":{"line":78,"column":4},"end":{"line":78,"column":28}},"47":{"start":{"line":81,"column":0},"end":{"line":81,"column":21}}},"fnMap":{"0":{"name":"(anonymous_0)","decl":{"start":{"line":17,"column":16},"end":{"line":17,"column":17}},"loc":{"start":{"line":17,"column":22},"end":{"line":19,"column":1}},"line":17},"1":{"name":"(anonymous_1)","decl":{"start":{"line":30,"column":13},"end":{"line":30,"column":14}},"loc":{"start":{"line":30,"column":27},"end":{"line":32,"column":1}},"line":30},"2":{"name":"(anonymous_2)","decl":{"start":{"line":33,"column":23},"end":{"line":33,"column":24}},"loc":{"start":{"line":33,"column":43},"end":{"line":37,"column":1}},"line":33},"3":{"name":"(anonymous_3)","decl":{"start":{"line":39,"column":23},"end":{"line":39,"column":24}},"loc":{"start":{"line":39,"column":43},"end":{"line":43,"column":1}},"line":39},"4":{"name":"(anonymous_4)","decl":{"start":{"line":45,"column":27},"end":{"line":45,"column":28}},"loc":{"start":{"line":45,"column":42},"end":{"line":47,"column":1}},"line":45},"5":{"name":"(anonymous_5)","decl":{"start":{"line":49,"column":24},"end":{"line":49,"column":25}},"loc":{"start":{"line":49,"column":44},"end":{"line":53,"column":1}},"line":49},"6":{"name":"(anonymous_6)","decl":{"start":{"line":55,"column":27},"end":{"line":55,"column":28}},"loc":{"start":{"line":55,"column":48},"end":{"line":58,"column":1}},"line":55},"7":{"name":"(anonymous_7)","decl":{"start":{"line":60,"column":32},"end":{"line":60,"column":33}},"loc":{"start":{"line":60,"column":52},"end":{"line":63,"column":1}},"line":60},"8":{"name":"(anonymous_8)","decl":{"start":{"line":65,"column":27},"end":{"line":65,"column":28}},"loc":{"start":{"line":65,"column":47},"end":{"line":69,"column":1}},"line":65},"9":{"name":"(anonymous_9)","decl":{"start":{"line":71,"column":30},"end":{"line":71,"column":31}},"loc":{"start":{"line":71,"column":50},"end":{"line":75,"column":1}},"line":71},"10":{"name":"(anonymous_10)","decl":{"start":{"line":77,"column":17},"end":{"line":77,"column":18}},"loc":{"start":{"line":77,"column":23},"end":{"line":79,"column":1}},"line":77}},"branchMap":{},"s":{"0":2,"1":2,"2":2,"3":2,"4":2,"5":2,"6":2,"7":2,"8":2,"9":2,"10":2,"11":2,"12":2,"13":2,"14":2,"15":2,"16":2,"17":2,"18":0,"19":2,"20":2,"21":1,"22":2,"23":0,"24":0,"25":2,"26":0,"27":2,"28":0,"29":0,"30":0,"31":2,"32":2,"33":1,"34":2,"35":0,"36":0,"37":2,"38":0,"39":0,"40":0,"41":2,"42":0,"43":0,"44":0,"45":2,"46":1,"47":2},"f":{"0":2,"1":0,"2":2,"3":0,"4":0,"5":0,"6":2,"7":0,"8":0,"9":0,"10":1},"b":{},"_coverageSchema":"1a1c01bbd47fc00a2c39e90264f33305004495a9","hash":"9aa4afd8d06119b30fa065f4edc325db681d052e"}
,"/Users/nurmazumder/Documents/CSC_456_VideoGame/videogame/models/games.js": {"path":"/Users/nurmazumder/Documents/CSC_456_VideoGame/videogame/models/games.js","statementMap":{"0":{"start":{"line":1,"column":17},"end":{"line":1,"column":36}},"1":{"start":{"line":2,"column":15},"end":{"line":2,"column":30}},"2":{"start":{"line":4,"column":24},"end":{"line":9,"column":2}},"3":{"start":{"line":11,"column":0},"end":{"line":11,"column":62}}},"fnMap":{},"branchMap":{},"s":{"0":1,"1":1,"2":1,"3":1},"f":{},"b":{},"_coverageSchema":"1a1c01bbd47fc00a2c39e90264f33305004495a9","hash":"5b4d50118392e3849bcfa670c11de4b85549265e"}
}
