TN:
SF:app.js
FN:17,(anonymous_0)
FN:30,(anonymous_1)
FN:33,(anonymous_2)
FN:39,(anonymous_3)
FN:45,(anonymous_4)
FN:49,(anonymous_5)
FN:55,(anonymous_6)
FN:60,(anonymous_7)
FN:65,(anonymous_8)
FN:71,(anonymous_9)
FN:77,(anonymous_10)
FNF:11
FNH:4
FNDA:2,(anonymous_0)
FNDA:0,(anonymous_1)
FNDA:2,(anonymous_2)
FNDA:0,(anonymous_3)
FNDA:0,(anonymous_4)
FNDA:0,(anonymous_5)
FNDA:2,(anonymous_6)
FNDA:0,(anonymous_7)
FNDA:0,(anonymous_8)
FNDA:0,(anonymous_9)
FNDA:1,(anonymous_10)
DA:1,2
DA:2,2
DA:3,2
DA:4,2
DA:5,2
DA:6,2
DA:9,2
DA:15,2
DA:16,2
DA:17,2
DA:18,2
DA:22,2
DA:23,2
DA:24,2
DA:25,2
DA:27,2
DA:28,2
DA:30,2
DA:31,0
DA:33,2
DA:34,2
DA:35,1
DA:39,2
DA:40,0
DA:41,0
DA:45,2
DA:46,0
DA:49,2
DA:50,0
DA:51,0
DA:52,0
DA:55,2
DA:56,2
DA:57,1
DA:60,2
DA:61,0
DA:62,0
DA:65,2
DA:66,0
DA:67,0
DA:68,0
DA:71,2
DA:72,0
DA:73,0
DA:74,0
DA:77,2
DA:78,1
DA:81,2
LF:48
LH:33
BRF:0
BRH:0
end_of_record
TN:
SF:models/games.js
FNF:0
FNH:0
DA:1,1
DA:2,1
DA:4,1
DA:11,1
LF:4
LH:4
BRF:0
BRH:0
end_of_record
