TN:
SF:app.js
FN:17,(anonymous_0)
FN:31,(anonymous_1)
FN:37,(anonymous_2)
FN:40,(anonymous_3)
FN:46,(anonymous_4)
FN:52,(anonymous_5)
FN:56,(anonymous_6)
FN:62,(anonymous_7)
FN:67,(anonymous_8)
FN:72,(anonymous_9)
FN:78,(anonymous_10)
FN:84,(anonymous_11)
FNF:12
FNH:3
FNDA:2,(anonymous_0)
FNDA:0,(anonymous_1)
FNDA:0,(anonymous_2)
FNDA:2,(anonymous_3)
FNDA:0,(anonymous_4)
FNDA:0,(anonymous_5)
FNDA:0,(anonymous_6)
FNDA:2,(anonymous_7)
FNDA:0,(anonymous_8)
FNDA:0,(anonymous_9)
FNDA:0,(anonymous_10)
FNDA:0,(anonymous_11)
DA:1,2
DA:2,2
DA:3,2
DA:4,2
DA:5,2
DA:6,2
DA:9,2
DA:15,2
DA:16,2
DA:17,2
DA:18,2
DA:22,2
DA:23,2
DA:24,2
DA:25,2
DA:27,2
DA:28,2
DA:31,2
DA:32,0
DA:33,0
DA:37,2
DA:38,0
DA:40,2
DA:41,2
DA:42,1
DA:46,2
DA:47,0
DA:48,0
DA:52,2
DA:53,0
DA:56,2
DA:57,0
DA:58,0
DA:59,0
DA:62,2
DA:63,2
DA:64,1
DA:67,2
DA:68,0
DA:69,0
DA:72,2
DA:73,0
DA:74,0
DA:75,0
DA:78,2
DA:79,0
DA:80,0
DA:81,0
DA:84,2
DA:85,0
DA:88,2
LF:51
LH:33
BRF:0
BRH:0
end_of_record
TN:
SF:models/games.js
FNF:0
FNH:0
DA:1,1
DA:2,1
DA:4,1
DA:11,1
LF:4
LH:4
BRF:0
BRH:0
end_of_record
